[I 2026-04-03 14:04:09,703] Trial 19 finished with value: 0.78 and parameters: {'trend': 0.3706876347764404, 'momentum': 0.39642866338870236, 'volume': 0.1373468158531983, 'valuation': 0.23466829182384646, 'volatility': 0.1644875914003303}. Best is trial 0 with value: 0.78.
魹ｽ魹ｽ魹ｽ魹ｽﾈｨ魹ｽ魹ｽ: {'trend': 0.37937346884752865, 'momentum': 0.188118813241321, 'volume': 0.10102654206112612, 'valuation': 0.15101130212656097, 'volatility': 0.18046987372346332}
魹ｽ魹ｽ魹ｽ魹ｽ魹ｽ魹ｽ魹ｽﾕｱ魹ｽ魹ｽ魹ｽ: 0.7800
[OK] 魹ｽ魹ｽ魹ｽ魹ｽﾈｨ魹ｽ魹ｽ: {'trend': 0.37937346884752865, 'momentum': 0.188118813241321, 'volume': 0.10102654206112612, 'valuation': 0.15101130212656097, 'volatility': 0.18046987372346332}

魹ｽ魹ｽ魹ｽ魹ｽ3: 魹ｽ魹ｽ魹ｽ魹ｽ魹ｽﾖｸ魹ｽ魹ｽ魹ｽﾃｷ魹ｽ...
[OK] 魹ｽ魹ｽﾍｬ魹ｽ魹ｽ魹ｽﾚｷ魹ｽﾎｧ: 0 ‾ 765
      魹ｽﾆｴ魹ｽ50:  45.30魹ｽ魹ｽ
      魹ｽ魹ｽﾒｵ魹ｽ魹ｽﾖｸ:  45.30魹ｽ魹ｽ
      魹ｽ魹ｽﾖ､魹ｽ魹ｽﾖｸ:  45.30魹ｽ魹ｽ
     魹ｽ魹ｽﾖ､500:  45.30魹ｽ魹ｽ
      魹ｽ魹ｽﾖ､50:  45.30魹ｽ魹ｽ
    魹ｽ魹ｽﾖ､1000:  45.30魹ｽ魹ｽ

魹ｽ魹ｽ魹ｽ魹ｽ4: 魹ｽ魹ｽ魹ｽ魹ｽﾍｶ魹ｽ魹ｽ魹ｽ魹ｽ魹ｽ...
[OK] 魹ｽ魹ｽ魹ｽ魹ｽ魹ｽ魹ｽ魹ｽ魹ｽ魹ｽ魹ｽ魹ｽ: 766
[OK] 魹ｽﾅｺ魹ｽ魹ｽ魹ｽ魹ｽ魹ｽ魹ｽ魹ｽ魹ｽ魹ｽ

魹ｽ魹ｽ魹ｽ魹ｽ5: 魹ｽﾘｲ魹ｽ魹ｽ魹ｽ魹ｽ...

魹ｽ魹ｽﾏｻﾘｲ魹ｽ魹ｽ魹ｽ:
  魹ｽ魹ｽ魹ｽ魹ｽ魹ｽ魹ｽ: 0.00%
  魹ｽ彤ｯ魹ｽ魹ｽ魹ｽ魹ｽ: 0.00%
  魹ｽ魹ｽ魹ｽﾘｳ魹ｽ: 0.00%
  魹ｽ魹ｽ魹ｽﾕｱ魹ｽ魹ｽ魹ｽ: 0.0000
  ﾊ､魹ｽ魹ｽ: 0.00%

魹ｽ魹ｽ魹ｽ魹ｽ6: 魹ｽﾔｱ魹ｽ魹ｽﾅｻ魹ｽﾇｰ/魹ｽ魹ｽ...
================================================================================
魹ｽ魹ｽﾖｸ魹ｽ魹ｽ魹ｽﾖｲﾖｻﾘｲ魹ｽ - V7-3 魹ｽ魹ｽﾌｬﾈｨ魹ｽ魹ｽ魹ｽﾅｻ魹ｽ魹ｽ魹ｽﾖ､
================================================================================

魹ｽ魹ｽ魹ｽ魹ｽ1: 魹ｽ魹ｽ魹ｽ魹ｽ魹ｽ魹ｽ魹ｽ魹ｽ...
  魹ｽ魹ｽ魹ｽﾚｷ魹ｽ魹ｽ魹ｽ     魹ｽﾆｴ魹ｽ50 (000688.SH)...
魹ｽ魹ｽ魹ｽﾚｼ魹ｽ魹ｽ魹ｽ 魹ｽﾆｴ魹ｽ50 魹ｽﾄｽ魹ｽ魹ｽ魹ｽ魹ｽﾅｺ魹ｽ...
魹ｽ魹ｽ魹ｽﾚｼ魹ｽ魹ｽ魹ｽ 魹ｽﾆｴ魹ｽ50 魹ｽ魹ｽ魹ｽ魹ｽﾊｷ魹ｽﾙｷ魹ｽﾎｻ...
魹ｽ魹ｽ魹ｽﾚｼ魹ｽ魹ｽ魹ｽ 魹ｽﾆｴ魹ｽ50 魹ｽﾄｶ魹ｽ魹ｽ魹ｽ魹ｽ魹ｽ魹ｽ魹ｽ魹ｽ魹ｽ...
魹ｽ魹ｽ魹ｽ魹ｽ魹ｽ魹ｽ魹ｽ魹ｽ 魹ｽﾆｴ魹ｽ50 魹ｽ魹ｽ魹ｽ魹ｽ魹ｽ魹ｽ魹ｽﾅｺ魹ｽ...
    [OK] 魹ｽ魹ｽ魹ｽﾘｳﾉｹ魹ｽ魹ｽ魹ｽ魹ｽ魹ｽ魹ｽ魹ｽ魹ｽ魹ｽ魹ｽ魹ｽ: 766
  魹ｽ魹ｽ魹ｽﾚｷ魹ｽ魹ｽ魹ｽ     魹ｽ魹ｽﾒｵ魹ｽ魹ｽﾖｸ (399006.SZ)...
魹ｽ魹ｽ魹ｽﾚｼ魹ｽ魹ｽ魹ｽ 魹ｽ魹ｽﾒｵ魹ｽ魹ｽﾖｸ 魹ｽﾄｽ魹ｽ魹ｽ魹ｽ魹ｽﾅｺ魹ｽ...
魹ｽ魹ｽ魹ｽﾚｼ魹ｽ魹ｽ魹ｽ 魹ｽ魹ｽﾒｵ魹ｽ魹ｽﾖｸ 魹ｽ魹ｽ魹ｽ魹ｽﾊｷ魹ｽﾙｷ魹ｽﾎｻ...
魹ｽ魹ｽ魹ｽﾚｼ魹ｽ魹ｽ魹ｽ 魹ｽ魹ｽﾒｵ魹ｽ魹ｽﾖｸ 魹ｽﾄｶ魹ｽ魹ｽ魹ｽ魹ｽ魹ｽ魹ｽ魹ｽ魹ｽ魹ｽ...
魹ｽ魹ｽ魹ｽ魹ｽ魹ｽ魹ｽ魹ｽ魹ｽ 魹ｽ魹ｽﾒｵ魹ｽ魹ｽﾖｸ 魹ｽ魹ｽ魹ｽ魹ｽ魹ｽ魹ｽ魹ｽﾅｺ魹ｽ...
    [OK] 魹ｽ魹ｽ魹ｽﾘｳﾉｹ魹ｽ魹ｽ魹ｽ魹ｽ魹ｽ魹ｽ魹ｽ魹ｽ魹ｽ魹ｽ魹ｽ: 781
  魹ｽ魹ｽ魹ｽﾚｷ魹ｽ魹ｽ魹ｽ     魹ｽ魹ｽﾖ､魹ｽ魹ｽﾖｸ (000001.SH)...
魹ｽ魹ｽ魹ｽﾚｼ魹ｽ魹ｽ魹ｽ 魹ｽ魹ｽﾖ､魹ｽ魹ｽﾖｸ 魹ｽﾄｽ魹ｽ魹ｽ魹ｽ魹ｽﾅｺ魹ｽ...
魹ｽ魹ｽ魹ｽﾚｼ魹ｽ魹ｽ魹ｽ 魹ｽ魹ｽﾖ､魹ｽ魹ｽﾖｸ 魹ｽ魹ｽ魹ｽ魹ｽﾊｷ魹ｽﾙｷ魹ｽﾎｻ...
魹ｽ魹ｽ魹ｽﾚｼ魹ｽ魹ｽ魹ｽ 魹ｽ魹ｽﾖ､魹ｽ魹ｽﾖｸ 魹ｽﾄｶ魹ｽ魹ｽ魹ｽ魹ｽ魹ｽ魹ｽ魹ｽ魹ｽ魹ｽ...
魹ｽ魹ｽ魹ｽ魹ｽ魹ｽ魹ｽ魹ｽ魹ｽ 魹ｽ魹ｽﾖ､魹ｽ魹ｽﾖｸ 魹ｽ魹ｽ魹ｽ魹ｽ魹ｽ魹ｽ魹ｽﾅｺ魹ｽ...
    [OK] 魹ｽ魹ｽ魹ｽﾘｳﾉｹ魹ｽ魹ｽ魹ｽ魹ｽ魹ｽ魹ｽ魹ｽ魹ｽ魹ｽ魹ｽ魹ｽ: 781
  魹ｽ魹ｽ魹ｽﾚｷ魹ｽ魹ｽ魹ｽ    魹ｽ魹ｽ魹ｽ魹ｽ300 (399300.SZ)...
魹ｽ魹ｽ魹ｽ魹ｽ: 399300.SZ ﾃｻ魹ｽ魹ｽ魹ｽ魹ｽ魹ｽ魹ｽ
    [ERROR] 魹ｽ魹ｽ魹ｽ魹ｽﾊｧ魹ｽﾜ｣魹ｽ魹ｽ魹ｽ魹ｽ魹ｽ
  魹ｽ魹ｽ魹ｽﾚｷ魹ｽ魹ｽ魹ｽ    魹ｽ魹ｽﾖ､500 (000905.SH)...
魹ｽ魹ｽ魹ｽﾚｼ魹ｽ魹ｽ魹ｽ 魹ｽ魹ｽﾖ､500 魹ｽﾄｽ魹ｽ魹ｽ魹ｽ魹ｽﾅｺ魹ｽ...
魹ｽ魹ｽ魹ｽﾚｼ魹ｽ魹ｽ魹ｽ 魹ｽ魹ｽﾖ､500 魹ｽ魹ｽ魹ｽ魹ｽﾊｷ魹ｽﾙｷ魹ｽﾎｻ...
魹ｽ魹ｽ魹ｽﾚｼ魹ｽ魹ｽ魹ｽ 魹ｽ魹ｽﾖ､500 魹ｽﾄｶ魹ｽ魹ｽ魹ｽ魹ｽ魹ｽ魹ｽ魹ｽ魹ｽ魹ｽ...
魹ｽ魹ｽ魹ｽ魹ｽ魹ｽ魹ｽ魹ｽ魹ｽ 魹ｽ魹ｽﾖ､500 魹ｽ魹ｽ魹ｽ魹ｽ魹ｽ魹ｽ魹ｽﾅｺ魹ｽ...
    [OK] 魹ｽ魹ｽ魹ｽﾘｳﾉｹ魹ｽ魹ｽ魹ｽ魹ｽ魹ｽ魹ｽ魹ｽ魹ｽ魹ｽ魹ｽ魹ｽ: 766
  魹ｽ魹ｽ魹ｽﾚｷ魹ｽ魹ｽ魹ｽ     魹ｽ魹ｽﾖ､魹ｽ魹ｽﾖｸ (399102.SZ)...
魹ｽ魹ｽ魹ｽ魹ｽ: 399102.SZ ﾃｻ魹ｽ魹ｽ魹ｽ魹ｽ魹ｽ魹ｽ
    [ERROR] 魹ｽ魹ｽ魹ｽ魹ｽﾊｧ魹ｽﾜ｣魹ｽ魹ｽ魹ｽ魹ｽ魹ｽ
  魹ｽ魹ｽ魹ｽﾚｷ魹ｽ魹ｽ魹ｽ     魹ｽ魹ｽﾖ､50 (000016.SH)...
魹ｽ魹ｽ魹ｽﾚｼ魹ｽ魹ｽ魹ｽ 魹ｽ魹ｽﾖ､50 魹ｽﾄｽ魹ｽ魹ｽ魹ｽ魹ｽﾅｺ魹ｽ...
魹ｽ魹ｽ魹ｽﾚｼ魹ｽ魹ｽ魹ｽ 魹ｽ魹ｽﾖ､50 魹ｽ魹ｽ魹ｽ魹ｽﾊｷ魹ｽﾙｷ魹ｽﾎｻ...
魹ｽ魹ｽ魹ｽﾚｼ魹ｽ魹ｽ魹ｽ 魹ｽ魹ｽﾖ､50 魹ｽﾄｶ魹ｽ魹ｽ魹ｽ魹ｽ魹ｽ魹ｽ魹ｽ魹ｽ魹ｽ...
魹ｽ魹ｽ魹ｽ魹ｽ魹ｽ魹ｽ魹ｽ魹ｽ 魹ｽ魹ｽﾖ､50 魹ｽ魹ｽ魹ｽ魹ｽ魹ｽ魹ｽ魹ｽﾅｺ魹ｽ...
    [OK] 魹ｽ魹ｽ魹ｽﾘｳﾉｹ魹ｽ魹ｽ魹ｽ魹ｽ魹ｽ魹ｽ魹ｽ魹ｽ魹ｽ魹ｽ魹ｽ: 766
  魹ｽ魹ｽ魹ｽﾚｷ魹ｽ魹ｽ魹ｽ   魹ｽ魹ｽﾖ､1000 (000852.SH)...
魹ｽ魹ｽ魹ｽﾚｼ魹ｽ魹ｽ魹ｽ 魹ｽ魹ｽﾖ､1000 魹ｽﾄｽ魹ｽ魹ｽ魹ｽ魹ｽﾅｺ魹ｽ...
魹ｽ魹ｽ魹ｽﾚｼ魹ｽ魹ｽ魹ｽ 魹ｽ魹ｽﾖ､1000 魹ｽ魹ｽ魹ｽ魹ｽﾊｷ魹ｽﾙｷ魹ｽﾎｻ...
魹ｽ魹ｽ魹ｽﾚｼ魹ｽ魹ｽ魹ｽ 魹ｽ魹ｽﾖ､1000 魹ｽﾄｶ魹ｽ魹ｽ魹ｽ魹ｽ魹ｽ魹ｽ魹ｽ魹ｽ魹ｽ...
魹ｽ魹ｽ魹ｽ魹ｽ魹ｽ魹ｽ魹ｽ魹ｽ 魹ｽ魹ｽﾖ､1000 魹ｽ魹ｽ魹ｽ魹ｽ魹ｽ魹ｽ魹ｽﾅｺ魹ｽ...
    [OK] 魹ｽ魹ｽ魹ｽﾘｳﾉｹ魹ｽ魹ｽ魹ｽ魹ｽ魹ｽ魹ｽ魹ｽ魹ｽ魹ｽ魹ｽ魹ｽ: 766

[OK] 魹ｽ魹ｽ魹ｽ魹ｽ魹ｽ魹ｽ 6/8 魹ｽ魹ｽﾖｸ魹ｽ魹ｽ魹ｽ魹ｽ魹ｽ魹ｽ

魹ｽ魹ｽ魹ｽ魹ｽ3: 魹ｽ魹ｽ魹ｽ魹ｽ魹ｽﾖｸ魹ｽ魹ｽ魹ｽﾃｷ魹ｽ...
[OK] 魹ｽ魹ｽﾍｬ魹ｽ魹ｽ魹ｽﾚｷ魹ｽﾎｧ: 0 ‾ 765
      魹ｽﾆｴ魹ｽ50:  46.20魹ｽ魹ｽ
      魹ｽ魹ｽﾒｵ魹ｽ魹ｽﾖｸ:  46.20魹ｽ魹ｽ
      魹ｽ魹ｽﾖ､魹ｽ魹ｽﾖｸ:  46.20魹ｽ魹ｽ
     魹ｽ魹ｽﾖ､500:  46.20魹ｽ魹ｽ
      魹ｽ魹ｽﾖ､50:  46.20魹ｽ魹ｽ
    魹ｽ魹ｽﾖ､1000:  46.20魹ｽ魹ｽ

魹ｽ魹ｽ魹ｽ魹ｽ4: 魹ｽ魹ｽ魹ｽ魹ｽﾍｶ魹ｽ魹ｽ魹ｽ魹ｽ魹ｽ...
[OK] 魹ｽ魹ｽ魹ｽ魹ｽ魹ｽ魹ｽ魹ｽ魹ｽ魹ｽ魹ｽ魹ｽ: 766
[OK] 魹ｽﾅｺ魹ｽ魹ｽ魹ｽ魹ｽ魹ｽ魹ｽ魹ｽ魹ｽ魹ｽ

魹ｽ魹ｽ魹ｽ魹ｽ5: 魹ｽﾘｲ魹ｽ魹ｽ魹ｽ魹ｽ...

魹ｽ魹ｽﾏｻﾘｲ魹ｽ魹ｽ魹ｽ:
  魹ｽ魹ｽ魹ｽ魹ｽ魹ｽ魹ｽ: 0.00%
  魹ｽ彤ｯ魹ｽ魹ｽ魹ｽ魹ｽ: 0.00%
  魹ｽ魹ｽ魹ｽﾘｳ魹ｽ: 0.00%
  魹ｽ魹ｽ魹ｽﾕｱ魹ｽ魹ｽ魹ｽ: 0.0000
  ﾊ､魹ｽ魹ｽ: 0.00%

魹ｽﾔｱﾈｽ魹ｽ魹ｽ:
  ﾄｬ魹ｽ魹ｽ魹ｽ魹ｽ魹ｽ魹ｽ:   0.0000 -> 魹ｽﾅｻ魹ｽ魹ｽ魹ｽ魹ｽ魹ｽ:   0.0000
  魹ｽ魹ｽ魹ｽ魹ｽ魹ｽ魹ｽ魹ｽ魹ｽ: +0.0000
  魹ｽ魹ｽ魹ｽ魹ｽ魹ｽ魹ｽ魹ｽ魹ｽ魹ｽ魹ｽ: +0.00%

================================================================================
魹ｽ魹ｽ魹ｽﾕｱ魹ｽ魹ｽ魹ｽ - 魹ｽ魹ｽﾖｸ魹ｽ魹ｽ魹ｽﾖｲﾖｻﾘｲ魹ｽ
================================================================================

魹ｽﾘｲ魹ｽﾔｱ魹ｽ:
  ﾖｸ魹ｽ魹ｽ              ﾄｬ魹ｽ魹ｽﾈｨ魹ｽ魹ｽ    魹ｽﾅｻ魹ｽﾈｨ魹ｽ魹ｽ    魹ｽﾔｱ魹ｽ
  魹ｽ魹ｽ魹ｽ魹ｽ魹ｽ魹ｽ                0.00%      0.00%  +0.00%
  魹ｽ魹ｽ魹ｽﾕｱ魹ｽ魹ｽ魹ｽ            0.0000     0.0000   +0.0000

ﾈｨ魹ｽﾘｷﾖｲ魹ｽ魹ｽﾅｻ魹ｽ:
  ﾄｬ魹ｽ魹ｽ: trend=30%, momentum=25%, volume=15%, valuation=20%, volatility=10%
  魹ｽﾅｻ魹ｽ: trend     :   37.9%
  魹ｽﾅｻ魹ｽ: momentum  :   18.8%
  魹ｽﾅｻ魹ｽ: volume    :   10.1%
  魹ｽﾅｻ魹ｽ: valuation :   15.1%
  魹ｽﾅｻ魹ｽ: volatility:   18.0%

魹ｽ魹ｽ魹ｽ魹ｽ:
  [WARN] 魹ｽﾅｻ魹ｽ魹ｽ魹ｽﾐｧ魹ｽ魹ｽ魹ｽ魹ｽ魹ｽﾕｱ魹ｽ魹ｽ魹ｽ魹ｽﾂｽ魹ｽ 0.0000
