[I 2026-04-03 17:48:11,384] A new study created in memory with name: no-name-13887755-6078-4b01-804a-57166754bb6a
================================================================================
V7-5 最终回测记录
================================================================================

[步骤1] 加载指数数据...
  正在加载     科创50 (000688.SH)...
正在计算 科创50 的交叉信号...
正在计算 科创50 的历史百分位...
正在计算 科创50 的多因子评分...
正在生成 科创50 的最终信号...
    [OK] 加载成功 (766 行)
  正在加载     创业板指 (399006.SZ)...
正在计算 创业板指 的交叉信号...
正在计算 创业板指 的历史百分位...
正在计算 创业板指 的多因子评分...
正在生成 创业板指 的最终信号...
    [OK] 加载成功 (781 行)
  正在加载     上证综指 (000001.SH)...
正在计算 上证综指 的交叉信号...
正在计算 上证综指 的历史百分位...
正在计算 上证综指 的多因子评分...
正在生成 上证综指 的最终信号...
    [OK] 加载成功 (781 行)
  正在加载    中证500 (000905.SH)...
正在计算 中证500 的交叉信号...
正在计算 中证500 的历史百分位...
正在计算 中证500 的多因子评分...
正在生成 中证500 的最终信号...
    [OK] 加载成功 (766 行)
  正在加载   中证1000 (000852.SH)...
正在计算 中证1000 的交叉信号...
正在计算 中证1000 的历史百分位...
正在计算 中证1000 的多因子评分...
正在生成 中证1000 的最终信号...
    [OK] 加载成功 (766 行)

[步骤2] 找到共同日期...
[OK] 共同日期数: 766

[步骤3] 计算V7-5最优权重...
[OK] V7-5 MetaLearner 初始化
[OK] 市场状态: oscillation
[OK] 权重约束: 4个组件总和=100%
[INFO] V7-5 开始Optuna优化 (max_trials=10)
[INFO] 数据行数: 3830

  0%|          | 0/10 [00:00<?, ?it/s]
                                      

  0%|          | 0/10 [00:00<?, ?it/s]
Best trial: 0. Best value: -0.313102:   0%|          | 0/10 [00:00<?, ?it/s]
                                                                            

Best trial: 0. Best value: -0.313102:  10%|��         | 1/10 [00:00<00:01,  5.81it/s]
Best trial: 1. Best value: 0.412323:  10%|��         | 1/10 [00:00<00:01,  5.81it/s] 
Best trial: 1. Best value: 0.412323:  20%|����        | 2/10 [00:00<00:00, 11.63it/s]
                                                                                   

Best trial: 1. Best value: 0.412323:  20%|����        | 2/10 [00:00<00:00, 11.63it/s]
Best trial: 1. Best value: 0.412323:  20%|����        | 2/10 [00:00<00:00, 11.63it/s]
                                                                                   

Best trial: 1. Best value: 0.412323:  30%|������       | 3/10 [00:00<00:00, 11.63it/s]
Best trial: 1. Best value: 0.412323:  30%|������       | 3/10 [00:00<00:00, 11.63it/s]
Best trial: 1. Best value: 0.412323:  40%|��������      | 4/10 [00:00<00:00, 13.31it/s]
                                                                                   

Best trial: 1. Best value: 0.412323:  40%|��������      | 4/10 [00:00<00:00, 13.31it/s]
Best trial: 4. Best value: 1.35093:  40%|��������      | 4/10 [00:00<00:00, 13.31it/s] 
                                                                                  

Best trial: 4. Best value: 1.35093:  50%|����������     | 5/10 [00:00<00:00, 13.31it/s]
Best trial: 4. Best value: 1.35093:  50%|����������     | 5/10 [00:00<00:00, 13.31it/s]
Best trial: 4. Best value: 1.35093:  60%|������������    | 6/10 [00:00<00:00, 13.70it/s]
                                                                                  

Best trial: 4. Best value: 1.35093:  60%|������������    | 6/10 [00:00<00:00, 13.70it/s]
Best trial: 4. Best value: 1.35093:  60%|������������    | 6/10 [00:00<00:00, 13.70it/s]
                                                                                  

Best trial: 4. Best value: 1.35093:  70%|��������������   | 7/10 [00:00<00:00, 13.70it/s]
Best trial: 4. Best value: 1.35093:  70%|��������������   | 7/10 [00:00<00:00, 13.70it/s]
Best trial: 4. Best value: 1.35093:  80%|����������������  | 8/10 [00:00<00:00, 13.80it/s]
                                                                                  

Best trial: 4. Best value: 1.35093:  80%|����������������  | 8/10 [00:00<00:00, 13.80it/s]
Best trial: 4. Best value: 1.35093:  80%|����������������  | 8/10 [00:00<00:00, 13.80it/s]
                                                                                  

Best trial: 4. Best value: 1.35093:  90%|������������������ | 9/10 [00:00<00:00, 13.80it/s]
Best trial: 4. Best value: 1.35093:  90%|������������������ | 9/10 [00:00<00:00, 13.80it/s]
Best trial: 4. Best value: 1.35093: 100%|��������������������| 10/10 [00:00<00:00, 13.73it/s]
Best trial: 4. Best value: 1.35093: 100%|��������������������| 10/10 [00:00<00:00, 13.55it/s]
[I 2026-04-03 17:48:11,473] Trial 0 finished with value: -0.31310220067904293 and parameters: {'w_factor_score': 0.25240357745107744, 'w_factor_signal': 0.11112473812357211, 'w_ml_return': 0.19783931943044614, 'w_ml_signal': 0.1667621799001567}. Best is trial 0 with value: -0.31310220067904293.
[I 2026-04-03 17:48:11,557] Trial 1 finished with value: 0.4123228962149831 and parameters: {'w_factor_score': 0.2029320082736478, 'w_factor_signal': 0.16739798495216432, 'w_ml_return': 0.41939163267999185, 'w_ml_signal': 0.051080359288418344}. Best is trial 1 with value: 0.4123228962149831.
[I 2026-04-03 17:48:11,627] Trial 2 finished with value: -0.34456419418259965 and parameters: {'w_factor_score': 0.49797534888407397, 'w_factor_signal': 0.20082449378535702, 'w_ml_return': 0.13071092894209663, 'w_ml_signal': 0.17540303834068027}. Best is trial 1 with value: 0.4123228962149831.
[I 2026-04-03 17:48:11,693] Trial 3 finished with value: -0.09131808050098074 and parameters: {'w_factor_score': 0.3710736781939833, 'w_factor_signal': 0.17518826500366902, 'w_ml_return': 0.25441127526707297, 'w_ml_signal': 0.12166326729279074}. Best is trial 1 with value: 0.4123228962149831.
[I 2026-04-03 17:48:11,760] Trial 4 finished with value: 1.350932782502313 and parameters: {'w_factor_score': 0.3919679813833177, 'w_factor_signal': 0.020995396109115928, 'w_ml_return': 0.08946530774265332, 'w_ml_signal': 0.030263376465492556}. Best is trial 4 with value: 1.350932782502313.
[I 2026-04-03 17:48:11,833] Trial 5 finished with value: 0.5878922826144387 and parameters: {'w_factor_score': 0.49013542736006227, 'w_factor_signal': 0.2141322602608612, 'w_ml_return': 0.4840599199953211, 'w_ml_signal': 0.012575199894339306}. Best is trial 4 with value: 1.350932782502313.
[I 2026-04-03 17:48:11,903] Trial 6 finished with value: -0.3263899334391278 and parameters: {'w_factor_score': 0.45197141539881264, 'w_factor_signal': 0.22238743808611164, 'w_ml_return': 0.08679267811612268, 'w_ml_signal': 0.1451168079445539}. Best is trial 4 with value: 1.350932782502313.
[I 2026-04-03 17:48:11,977] Trial 7 finished with value: -0.3263899334391278 and parameters: {'w_factor_score': 0.3561265668219268, 'w_factor_signal': 0.2784421622843349, 'w_ml_return': 0.14273102945498373, 'w_ml_signal': 0.1649342598125754}. Best is trial 4 with value: 1.350932782502313.
[I 2026-04-03 17:48:12,051] Trial 8 finished with value: -0.12017633592854318 and parameters: {'w_factor_score': 0.2294430156740718, 'w_factor_signal': 0.2913233044114072, 'w_ml_return': 0.294607014868899, 'w_ml_signal': 0.014660018554745703}. Best is trial 4 with value: 1.350932782502313.
[I 2026-04-03 17:48:12,124] Trial 9 finished with value: 0.4408702222780669 and parameters: {'w_factor_score': 0.39273567212744454, 'w_factor_signal': 0.2074272710554029, 'w_ml_return': 0.42209119310507726, 'w_ml_signal': 0.031764543840337826}. Best is trial 4 with value: 1.350932782502313.

[OK] Optuna优化完成
  最优夏普比率: 1.3509
  权重分配:
    factor_score: 73.58%
    factor_signal: 3.94%
    ml_return: 16.79%
    ml_signal: 5.68%

================================================================================
[OK] V7-5 组合优化完成
================================================================================
  最优夏普比率: 1.3509
  权重分配:
    factor_score: 73.58%
    factor_signal: 3.94%
    ml_return: 16.79%
    ml_signal: 5.68%

[步骤4] 生成融合信号...
[OK] V7-5 融合信号生成完成
  原始信号: BUY=395 SELL=135 HOLD=3300
  融合信号: BUY=884 SELL=874 HOLD=2072

[步骤5] 计算组合收益...

================================================================================
[OK] 组合回测结果 - V7-5融合策略
================================================================================
  组合总收益: 264.98%
  总权重: 1.00

[步骤6] 原始多因子策略对比...

================================================================================
[OK] 最终对比
================================================================================

原始多因子策略:
  组合总收益: 73.97%

V7-5自适应融合策略:
  组合总收益: 264.98% [↑ 更优]

    收益提升: +258.24%

================================================================================
[OK] 信号对比
================================================================================

原始多因子信号分布:
  科创50         BUY=  94 SELL=  30 HOLD= 642 (766)
  创业板指         BUY= 115 SELL=  25 HOLD= 626 (766)
  上证综指         BUY=  42 SELL=  28 HOLD= 696 (766)
  中证500        BUY=  67 SELL=  25 HOLD= 674 (766)
  中证1000       BUY=  77 SELL=  27 HOLD= 662 (766)

V7-5融合信号分布:
  科创50         BUY= 183 SELL= 179 HOLD= 404 (766)
  创业板指         BUY= 204 SELL= 151 HOLD= 411 (766)
  上证综指         BUY= 141 SELL= 205 HOLD= 420 (766)
  中证500        BUY= 184 SELL= 187 HOLD= 395 (766)
  中证1000       BUY= 172 SELL= 152 HOLD= 442 (766)

================================================================================
[OK] 单指数收益对比
================================================================================

================================================================================
[OK] 记录回测结果
================================================================================
# V7-5 自适应融合优化 - 回测日志

**日期**: 2026-04-03
**版本**: V7-5
**策略**: Optuna自适应融合优化

## 组合配置

| 指数 | 代码 | 权重 |
|------|------|------|
| 科创50 | 000688.SH | 20% |
| 创业板指 | 399006.SZ | 20% |
| 上证综指 | 000001.SH | 20% |
| 中证500 | 000905.SH | 20% |
| 中证1000 | 000852.SH | 20% |

## 核心指标

| 指标 | 原始多因子 | V7-5融合 | 提升 |
|------|-----------|---------|------|
| 组合总收益 | 73.97% | 264.98% | +258.24% |
| 信号频率 | - | - | +164% |

## 组合优化权重

| 组件 | 权重 |
|------|------|
| factor_score | 73.58% |
| factor_signal | 3.94% |
| ml_return | 16.79% |
| ml_signal | 5.68% |
| **总和** | **100%** |

## 信号分布对比

### 原始多因子信号
- **科创50**: BUY=94 SELL=30 HOLD=642
- **创业板指**: BUY=115 SELL=25 HOLD=626
- **上证综指**: BUY=42 SELL=28 HOLD=696
- **中证500**: BUY=67 SELL=25 HOLD=674
- **中证1000**: BUY=77 SELL=27 HOLD=662

### V7-5融合信号
- **科创50**: BUY=183 SELL=179 HOLD=404
- **创业板指**: BUY=204 SELL=151 HOLD=411
- **上证综指**: BUY=141 SELL=205 HOLD=420
- **中证500**: BUY=184 SELL=187 HOLD=395
- **中证1000**: BUY=172 SELL=152 HOLD=442

## 单指数收益对比

| 指数 | 原始收益 | V7-5收益 | 提升 |
|------|---------|---------|------|
| 科创50 | +114.86% | +392.83% | +242.0% |
| 创业板指 | +106.06% | +408.04% | +284.7% |
| 上证综指 |  +25.37% | +113.41% | +347.0% |
| 中证500 |  +63.39% | +198.76% | +213.6% |
| 中证1000 |  +60.16% | +211.89% | +252.2% |

## 结论

- ✅ V7-5自适应融合优化成功
- ✅ 组合总收益提升 +258.24% (73.97% → 264.98%)
- ✅ 信号频率从 27.7% 提升至 73.1%
- ✅ Optuna自动优化权重: factor_score 73.58%, factor_signal 3.94%, ml_return 16.79%, ml_signal 5.68%


[OK] 回测日志已保存至: V7-5_BACKTEST_LOG.md
