[I 2026-04-02 10:46:18,728] Trial 29 finished with value: -1000000.0 and parameters: {'trend': 0.20937907889072016, 'momentum': 0.15195493547842048, 'volume': 0.1996715891014183, 'valuation': 0.31100628717111906, 'volatility': 0.10017808572144646}. Best is trial 0 with value: -1000000.0.
����Ȩ��: {'trend': 0.22004645828461733, 'momentum': 0.27816366269475257, 'volume': 0.15728786127288816, 'valuation': 0.2816846411185356, 'volatility': 0.06281737662920645}
�������ձ���: -1000000.0000

================================================================================
����3: ʹ������Ȩ�����¼���
================================================================================
����Ȩ��: {'trend': 0.22004645828461733, 'momentum': 0.27816366269475257, 'volume': 0.15728786127288816, 'valuation': 0.2816846411185356, 'volatility': 0.06281737662920645}

���ֶԱ�:
  Ĭ��Ȩ��ƽ������: 51.49
  �Ż�Ȩ��ƽ������: 51.89

================================================================================
����4: �г�״̬����
================================================================================

����: 'ma_200'
