[I 2026-04-02 10:42:21,617] A new study created in memory with name: no-name-1a37947a-c68b-4229-bf98-db726b132296
================================================================================
��̬Ȩ�ص����Ż� - ��ָ������
================================================================================

����ָ��: 000688.SH

���ڼ������������...
���ڼ��� �ƴ�50 �Ľ����ź�...
���ڼ��� �ƴ�50 ����ʷ�ٷ�λ...
���ڼ��� �ƴ�50 �Ķ���������...
�������� �ƴ�50 �������ź�...
[OK] �������
��������: 766

================================================================================
����1: ʹ��Ĭ��Ȩ��
================================================================================
Ĭ��Ȩ��: {'trend': 0.3, 'momentum': 0.25, 'volume': 0.15, 'valuation': 0.2, 'volatility': 0.1}

================================================================================
����2: �Ż�������Ȩ��
================================================================================
�����Ż�������Ȩ��...

  0%|          | 0/30 [00:00<?, ?it/s]
                                      

  0%|          | 0/30 [00:07<?, ?it/s]
Best trial: 0. Best value: -1e+06:   0%|          | 0/30 [00:07<?, ?it/s]
Best trial: 0. Best value: -1e+06:   3%|��         | 1/30 [00:07<03:48,  7.88s/it]
                                                                                 

Best trial: 0. Best value: -1e+06:   3%|��         | 1/30 [00:16<03:48,  7.88s/it]
Best trial: 0. Best value: -1e+06:   3%|��         | 1/30 [00:16<03:48,  7.88s/it]
Best trial: 0. Best value: -1e+06:   7%|��         | 2/30 [00:16<03:51,  8.26s/it]
                                                                                 

Best trial: 0. Best value: -1e+06:   7%|��         | 2/30 [00:24<03:51,  8.26s/it]
Best trial: 0. Best value: -1e+06:   7%|��         | 2/30 [00:24<03:51,  8.26s/it]
Best trial: 0. Best value: -1e+06:  10%|��         | 3/30 [00:24<03:41,  8.21s/it]
                                                                                 

Best trial: 0. Best value: -1e+06:  10%|��         | 3/30 [00:32<03:41,  8.21s/it]
Best trial: 0. Best value: -1e+06:  10%|��         | 3/30 [00:32<03:41,  8.21s/it]
Best trial: 0. Best value: -1e+06:  13%|����        | 4/30 [00:32<03:34,  8.26s/it]
                                                                                 

Best trial: 0. Best value: -1e+06:  13%|����        | 4/30 [00:40<03:34,  8.26s/it]
Best trial: 0. Best value: -1e+06:  13%|����        | 4/30 [00:40<03:34,  8.26s/it]
Best trial: 0. Best value: -1e+06:  17%|����        | 5/30 [00:40<03:23,  8.16s/it]
                                                                                 

Best trial: 0. Best value: -1e+06:  17%|����        | 5/30 [00:48<03:23,  8.16s/it]
Best trial: 0. Best value: -1e+06:  17%|����        | 5/30 [00:48<03:23,  8.16s/it]
Best trial: 0. Best value: -1e+06:  20%|����        | 6/30 [00:48<03:12,  8.02s/it]
                                                                                 

Best trial: 0. Best value: -1e+06:  20%|����        | 6/30 [00:56<03:12,  8.02s/it]
Best trial: 0. Best value: -1e+06:  20%|����        | 6/30 [00:56<03:12,  8.02s/it]
Best trial: 0. Best value: -1e+06:  23%|������       | 7/30 [00:56<03:02,  7.95s/it]
                                                                                 

Best trial: 0. Best value: -1e+06:  23%|������       | 7/30 [01:04<03:02,  7.95s/it]
Best trial: 0. Best value: -1e+06:  23%|������       | 7/30 [01:04<03:02,  7.95s/it]
Best trial: 0. Best value: -1e+06:  27%|������       | 8/30 [01:04<02:53,  7.89s/it]
                                                                                 

Best trial: 0. Best value: -1e+06:  27%|������       | 8/30 [01:11<02:53,  7.89s/it]
Best trial: 0. Best value: -1e+06:  27%|������       | 8/30 [01:11<02:53,  7.89s/it]
Best trial: 0. Best value: -1e+06:  30%|������       | 9/30 [01:11<02:44,  7.83s/it]
                                                                                 

Best trial: 0. Best value: -1e+06:  30%|������       | 9/30 [01:19<02:44,  7.83s/it]
Best trial: 0. Best value: -1e+06:  30%|������       | 9/30 [01:19<02:44,  7.83s/it]
Best trial: 0. Best value: -1e+06:  33%|��������      | 10/30 [01:19<02:36,  7.84s/it]
                                                                                  

Best trial: 0. Best value: -1e+06:  33%|��������      | 10/30 [01:27<02:36,  7.84s/it]
Best trial: 0. Best value: -1e+06:  33%|��������      | 10/30 [01:27<02:36,  7.84s/it]
Best trial: 0. Best value: -1e+06:  37%|��������      | 11/30 [01:27<02:28,  7.82s/it]
                                                                                  

Best trial: 0. Best value: -1e+06:  37%|��������      | 11/30 [01:35<02:28,  7.82s/it]
Best trial: 0. Best value: -1e+06:  37%|��������      | 11/30 [01:35<02:28,  7.82s/it]
Best trial: 0. Best value: -1e+06:  40%|��������      | 12/30 [01:35<02:21,  7.83s/it]
                                                                                  

Best trial: 0. Best value: -1e+06:  40%|��������      | 12/30 [01:43<02:21,  7.83s/it]
Best trial: 0. Best value: -1e+06:  40%|��������      | 12/30 [01:43<02:21,  7.83s/it]
Best trial: 0. Best value: -1e+06:  43%|����������     | 13/30 [01:43<02:13,  7.88s/it]
                                                                                  

Best trial: 0. Best value: -1e+06:  43%|����������     | 13/30 [01:51<02:13,  7.88s/it]
Best trial: 0. Best value: -1e+06:  43%|����������     | 13/30 [01:51<02:13,  7.88s/it]
Best trial: 0. Best value: -1e+06:  47%|����������     | 14/30 [01:51<02:05,  7.85s/it]
                                                                                  

Best trial: 0. Best value: -1e+06:  47%|����������     | 14/30 [01:59<02:05,  7.85s/it]
Best trial: 0. Best value: -1e+06:  47%|����������     | 14/30 [01:59<02:05,  7.85s/it]
Best trial: 0. Best value: -1e+06:  50%|����������     | 15/30 [01:59<01:57,  7.86s/it]
                                                                                  

Best trial: 0. Best value: -1e+06:  50%|����������     | 15/30 [02:06<01:57,  7.86s/it]
Best trial: 0. Best value: -1e+06:  50%|����������     | 15/30 [02:06<01:57,  7.86s/it]
Best trial: 0. Best value: -1e+06:  53%|������������    | 16/30 [02:06<01:49,  7.83s/it]
                                                                                  

Best trial: 0. Best value: -1e+06:  53%|������������    | 16/30 [02:14<01:49,  7.83s/it]
Best trial: 0. Best value: -1e+06:  53%|������������    | 16/30 [02:14<01:49,  7.83s/it]
Best trial: 0. Best value: -1e+06:  57%|������������    | 17/30 [02:14<01:41,  7.82s/it]
                                                                                  

Best trial: 0. Best value: -1e+06:  57%|������������    | 17/30 [02:22<01:41,  7.82s/it]
Best trial: 0. Best value: -1e+06:  57%|������������    | 17/30 [02:22<01:41,  7.82s/it]
Best trial: 0. Best value: -1e+06:  60%|������������    | 18/30 [02:22<01:33,  7.83s/it]
                                                                                  

Best trial: 0. Best value: -1e+06:  60%|������������    | 18/30 [02:30<01:33,  7.83s/it]
Best trial: 0. Best value: -1e+06:  60%|������������    | 18/30 [02:30<01:33,  7.83s/it]
Best trial: 0. Best value: -1e+06:  63%|��������������   | 19/30 [02:30<01:26,  7.83s/it]
                                                                                  

Best trial: 0. Best value: -1e+06:  63%|��������������   | 19/30 [02:38<01:26,  7.83s/it]
Best trial: 0. Best value: -1e+06:  63%|��������������   | 19/30 [02:38<01:26,  7.83s/it]
Best trial: 0. Best value: -1e+06:  67%|��������������   | 20/30 [02:38<01:18,  7.87s/it]
                                                                                  

Best trial: 0. Best value: -1e+06:  67%|��������������   | 20/30 [02:46<01:18,  7.87s/it]
Best trial: 0. Best value: -1e+06:  67%|��������������   | 20/30 [02:46<01:18,  7.87s/it]
Best trial: 0. Best value: -1e+06:  70%|��������������   | 21/30 [02:46<01:10,  7.89s/it]
                                                                                  

Best trial: 0. Best value: -1e+06:  70%|��������������   | 21/30 [02:53<01:10,  7.89s/it]
Best trial: 0. Best value: -1e+06:  70%|��������������   | 21/30 [02:53<01:10,  7.89s/it]
Best trial: 0. Best value: -1e+06:  73%|����������������  | 22/30 [02:53<01:02,  7.86s/it]
                                                                                  

Best trial: 0. Best value: -1e+06:  73%|����������������  | 22/30 [03:01<01:02,  7.86s/it]
Best trial: 0. Best value: -1e+06:  73%|����������������  | 22/30 [03:01<01:02,  7.86s/it]
Best trial: 0. Best value: -1e+06:  77%|����������������  | 23/30 [03:01<00:55,  7.87s/it]
                                                                                  

Best trial: 0. Best value: -1e+06:  77%|����������������  | 23/30 [03:09<00:55,  7.87s/it]
Best trial: 0. Best value: -1e+06:  77%|����������������  | 23/30 [03:09<00:55,  7.87s/it]
Best trial: 0. Best value: -1e+06:  80%|����������������  | 24/30 [03:09<00:47,  7.86s/it]
                                                                                  

Best trial: 0. Best value: -1e+06:  80%|����������������  | 24/30 [03:17<00:47,  7.86s/it]
Best trial: 0. Best value: -1e+06:  80%|����������������  | 24/30 [03:17<00:47,  7.86s/it]
Best trial: 0. Best value: -1e+06:  83%|������������������ | 25/30 [03:17<00:39,  7.86s/it]
                                                                                  

Best trial: 0. Best value: -1e+06:  83%|������������������ | 25/30 [03:25<00:39,  7.86s/it]
Best trial: 0. Best value: -1e+06:  83%|������������������ | 25/30 [03:25<00:39,  7.86s/it]
Best trial: 0. Best value: -1e+06:  87%|������������������ | 26/30 [03:25<00:31,  7.85s/it]
                                                                                  

Best trial: 0. Best value: -1e+06:  87%|������������������ | 26/30 [03:33<00:31,  7.85s/it]
Best trial: 0. Best value: -1e+06:  87%|������������������ | 26/30 [03:33<00:31,  7.85s/it]
Best trial: 0. Best value: -1e+06:  90%|������������������ | 27/30 [03:33<00:23,  7.83s/it]
                                                                                  

Best trial: 0. Best value: -1e+06:  90%|������������������ | 27/30 [03:41<00:23,  7.83s/it]
Best trial: 0. Best value: -1e+06:  90%|������������������ | 27/30 [03:41<00:23,  7.83s/it]
Best trial: 0. Best value: -1e+06:  93%|��������������������| 28/30 [03:41<00:15,  7.89s/it]
                                                                                  
[I 2026-04-02 10:42:29,508] Trial 0 finished with value: -1000000.0 and parameters: {'trend': 0.2303337476378426, 'momentum': 0.29116796236856335, 'volume': 0.16464115272451096, 'valuation': 0.2948535484126384, 'volatility': 0.06575412250929386}. Best is trial 0 with value: -1000000.0.
[I 2026-04-02 10:42:38,042] Trial 1 finished with value: -1000000.0 and parameters: {'trend': 0.28245010005448035, 'momentum': 0.24037351623948228, 'volume': 0.0923269705539241, 'valuation': 0.28705388053899594, 'volatility': 0.17982397528366845}. Best is trial 0 with value: -1000000.0.
[I 2026-04-02 10:42:46,194] Trial 2 finished with value: -1000000.0 and parameters: {'trend': 0.3245099113542874, 'momentum': 0.3862238874978178, 'volume': 0.1896445027489606, 'valuation': 0.17904580828050926, 'volatility': 0.09845418296514831}. Best is trial 0 with value: -1000000.0.
[I 2026-04-02 10:42:54,521] Trial 3 finished with value: -1000000.0 and parameters: {'trend': 0.20858635567341582, 'momentum': 0.33657691928460576, 'volume': 0.20588515902731158, 'valuation': 0.2665914454631737, 'volatility': 0.14969635599842201}. Best is trial 0 with value: -1000000.0.
[I 2026-04-02 10:43:02,506] Trial 4 finished with value: -1000000.0 and parameters: {'trend': 0.37519233444086775, 'momentum': 0.2964086297800964, 'volume': 0.1082733601241876, 'valuation': 0.2405508704647878, 'volatility': 0.1258613947172129}. Best is trial 0 with value: -1000000.0.
[I 2026-04-02 10:43:10,264] Trial 5 finished with value: -1000000.0 and parameters: {'trend': 0.1587289860381209, 'momentum': 0.33643190859971506, 'volume': 0.07735055103556132, 'valuation': 0.29369068872605497, 'volatility': 0.13418010470573635}. Best is trial 0 with value: -1000000.0.
[I 2026-04-02 10:43:18,051] Trial 6 finished with value: -1000000.0 and parameters: {'trend': 0.318239864332274, 'momentum': 0.17339937295326424, 'volume': 0.20803387845316007, 'valuation': 0.17558574173745212, 'volatility': 0.16929281815852254}. Best is trial 0 with value: -1000000.0.
[I 2026-04-02 10:43:25,808] Trial 7 finished with value: -1000000.0 and parameters: {'trend': 0.21949120880628045, 'momentum': 0.18749057192588328, 'volume': 0.24362727410122326, 'valuation': 0.18658556618961342, 'volatility': 0.056650959455371956}. Best is trial 0 with value: -1000000.0.
[I 2026-04-02 10:43:33,520] Trial 8 finished with value: -1000000.0 and parameters: {'trend': 0.39872717699232474, 'momentum': 0.2806861291390965, 'volume': 0.14647970819797335, 'valuation': 0.22300868070518942, 'volatility': 0.12790065867644956}. Best is trial 0 with value: -1000000.0.
[I 2026-04-02 10:43:41,370] Trial 9 finished with value: -1000000.0 and parameters: {'trend': 0.28170279531872366, 'momentum': 0.16529474962714294, 'volume': 0.20022072651105055, 'valuation': 0.3239709832131187, 'volatility': 0.10790822231741323}. Best is trial 0 with value: -1000000.0.
[I 2026-04-02 10:43:49,145] Trial 10 finished with value: -1000000.0 and parameters: {'trend': 0.44746921151223246, 'momentum': 0.21271957571618544, 'volume': 0.14060043128356717, 'valuation': 0.1047534725157344, 'volatility': 0.05462745341720749}. Best is trial 0 with value: -1000000.0.
[I 2026-04-02 10:43:57,018] Trial 11 finished with value: -1000000.0 and parameters: {'trend': 0.25440065261950684, 'momentum': 0.237008981050647, 'volume': 0.0554109995032877, 'valuation': 0.34982708018478825, 'volatility': 0.19235119674942217}. Best is trial 0 with value: -1000000.0.
[I 2026-04-02 10:44:05,002] Trial 12 finished with value: -1000000.0 and parameters: {'trend': 0.2372525187718084, 'momentum': 0.24683280922807657, 'volume': 0.12084423567131139, 'valuation': 0.3082066062027397, 'volatility': 0.08208651580783707}. Best is trial 0 with value: -1000000.0.
[I 2026-04-02 10:44:12,772] Trial 13 finished with value: -1000000.0 and parameters: {'trend': 0.16828192816978296, 'momentum': 0.3053595455663257, 'volume': 0.16723618026705983, 'valuation': 0.26963651998567045, 'volatility': 0.19771640383242672}. Best is trial 0 with value: -1000000.0.
[I 2026-04-02 10:44:20,656] Trial 14 finished with value: -1000000.0 and parameters: {'trend': 0.2790178546674984, 'momentum': 0.24953155099770902, 'volume': 0.09063838285881294, 'valuation': 0.3469431481318204, 'volatility': 0.1659531882931579}. Best is trial 0 with value: -1000000.0.
[I 2026-04-02 10:44:28,434] Trial 15 finished with value: -1000000.0 and parameters: {'trend': 0.3580835742497325, 'momentum': 0.21275480857773835, 'volume': 0.16833121508194018, 'valuation': 0.2783811428814601, 'volatility': 0.0800830409237218}. Best is trial 0 with value: -1000000.0.
[I 2026-04-02 10:44:36,226] Trial 16 finished with value: -1000000.0 and parameters: {'trend': 0.200944943567049, 'momentum': 0.32717134583130236, 'volume': 0.12224681042293375, 'valuation': 0.23617904601293427, 'volatility': 0.15569793147346633}. Best is trial 0 with value: -1000000.0.
[I 2026-04-02 10:44:44,063] Trial 17 finished with value: -1000000.0 and parameters: {'trend': 0.2573531952976748, 'momentum': 0.3834813188809062, 'volume': 0.07450163708096545, 'valuation': 0.3255798634300765, 'volatility': 0.10922306777822624}. Best is trial 0 with value: -1000000.0.
[I 2026-04-02 10:44:51,910] Trial 18 finished with value: -1000000.0 and parameters: {'trend': 0.3035423116629433, 'momentum': 0.2655982464700655, 'volume': 0.16937761084042108, 'valuation': 0.21246332198183765, 'volatility': 0.0763666907555825}. Best is trial 0 with value: -1000000.0.
[I 2026-04-02 10:44:59,883] Trial 19 finished with value: -1000000.0 and parameters: {'trend': 0.18376801834794002, 'momentum': 0.2178058096098963, 'volume': 0.2374441753003147, 'valuation': 0.12789873355722997, 'volatility': 0.17965033876000647}. Best is trial 0 with value: -1000000.0.
[I 2026-04-02 10:45:07,801] Trial 20 finished with value: -1000000.0 and parameters: {'trend': 0.3450798483675514, 'momentum': 0.361030025736087, 'volume': 0.13028853241915025, 'valuation': 0.29686253016055547, 'volatility': 0.15189064362894622}. Best is trial 0 with value: -1000000.0.
[I 2026-04-02 10:45:15,611] Trial 21 finished with value: -1000000.0 and parameters: {'trend': 0.33426943781792734, 'momentum': 0.39041670588030863, 'volume': 0.18602227589652204, 'valuation': 0.1715164512811029, 'volatility': 0.09936242777890927}. Best is trial 0 with value: -1000000.0.
[I 2026-04-02 10:45:23,492] Trial 22 finished with value: -1000000.0 and parameters: {'trend': 0.28149913102324425, 'momentum': 0.36028052954154105, 'volume': 0.18513246387746196, 'valuation': 0.2536930511832239, 'volatility': 0.09380616539104142}. Best is trial 0 with value: -1000000.0.
[I 2026-04-02 10:45:31,344] Trial 23 finished with value: -1000000.0 and parameters: {'trend': 0.31226676048469043, 'momentum': 0.29970479719373455, 'volume': 0.1564651357071785, 'valuation': 0.1490010592634074, 'volatility': 0.06518774398752324}. Best is trial 0 with value: -1000000.0.
[I 2026-04-02 10:45:39,191] Trial 24 finished with value: -1000000.0 and parameters: {'trend': 0.23712907297564328, 'momentum': 0.26973293839174783, 'volume': 0.22542007812181925, 'valuation': 0.2083398435189215, 'volatility': 0.11102574293490022}. Best is trial 0 with value: -1000000.0.
[I 2026-04-02 10:45:47,033] Trial 25 finished with value: -1000000.0 and parameters: {'trend': 0.4059492779088272, 'momentum': 0.3674983953305036, 'volume': 0.10411197226071482, 'valuation': 0.18917392462470017, 'volatility': 0.06946501654763952}. Best is trial 0 with value: -1000000.0.
[I 2026-04-02 10:45:54,793] Trial 26 finished with value: -1000000.0 and parameters: {'trend': 0.2612004152275422, 'momentum': 0.31576235468719926, 'volume': 0.1833174966695894, 'valuation': 0.14788060660726793, 'volatility': 0.0892850038838991}. Best is trial 0 with value: -1000000.0.
[I 2026-04-02 10:46:02,837] Trial 27 finished with value: -1000000.0 and parameters: {'trend': 0.2941789427684048, 'momentum': 0.19725766830666494, 'volume': 0.22071339977075216, 'valuation': 0.2833748146395124, 'volatility': 0.11863473858712786}. Best is trial 0 with value: -1000000.0.
[I 2026-04-02 10:46:10,675] Trial 28 finished with value: -1000000.0 and parameters: {'trend': 0.3325264436083778, 'momentum': 0.22875197849420853, 'volume': 0.050710948880612665, 'valuation': 0.25154213164776595, 'volatility': 0.13858356239427416}. Best is trial 0 with value: -1000000.0.
Best trial: 0. Best value: -1e+06:  93%|��������������������| 28/30 [03:49<00:15,  7.89s/it]
Best trial: 0. Best value: -1e+06:  93%|��������������������| 28/30 [03:49<00:15,  7.89s/it]
Best trial: 0. Best value: -1e+06:  97%|��������������������| 29/30 [03:49<00:07,  7.88s/it]
                                                                                  

Best trial: 0. Best value: -1e+06:  97%|��������������������| 29/30 [03:57<00:07,  7.88s/it]
Best trial: 0. Best value: -1e+06:  97%|��������������������| 29/30 [03:57<00:07,  7.88s/it]
Best trial: 0. Best value: -1e+06: 100%|��������������������| 30/30 [03:57<00:00,  7.93s/it]
Best trial: 0. Best value: -1e+06: 100%|��������������������| 30/30 [03:57<00:00,  7.90s/it]
Traceback (most recent call last):
  File "E:\copaw\.venv\Lib\site-packages\pandas\core\indexes\base.py", line 3641, in get_loc
    return self._engine.get_loc(casted_key)
           ^^^^^^^^^^^^^^^^^^^^^^^^^^^^^^^^
  File "pandas/_libs/index.pyx", line 168, in pandas._libs.index.IndexEngine.get_loc
  File "pandas/_libs/index.pyx", line 197, in pandas._libs.index.IndexEngine.get_loc
  File "pandas/_libs/hashtable_class_helper.pxi", line 7668, in pandas._libs.hashtable.PyObjectHashTable.get_item
  File "pandas/_libs/hashtable_class_helper.pxi", line 7676, in pandas._libs.hashtable.PyObjectHashTable.get_item
KeyError: 'ma_200'

The above exception was the direct cause of the following exception:

Traceback (most recent call last):
  File "E:\pycharm\stock-analysis\test_dynamic_weight.py", line 94, in <module>
    results = test_single_index()
              ^^^^^^^^^^^^^^^^^^^
  File "E:\pycharm\stock-analysis\test_dynamic_weight.py", line 76, in test_single_index
    market_state = optimizer.analyze_market_state(df)
                   ^^^^^^^^^^^^^^^^^^^^^^^^^^^^^^^^^^
  File "E:\pycharm\stock-analysis\analysis\dynamic_weight_optimizer.py", line 167, in analyze_market_state
    ma200_slope = df['ma_200'].diff().iloc[-10:].mean()
                  ~~^^^^^^^^^^
  File "E:\copaw\.venv\Lib\site-packages\pandas\core\frame.py", line 4378, in __getitem__
    indexer = self.columns.get_loc(key)
              ^^^^^^^^^^^^^^^^^^^^^^^^^
  File "E:\copaw\.venv\Lib\site-packages\pandas\core\indexes\base.py", line 3648, in get_loc
    raise KeyError(key) from err
KeyError: 'ma_200'

